<?xml version="1.0" encoding="UTF-8"?>
<!-- Generated by org.testng.reporters.JUnitXMLReporter -->
<testsuite ignored="0" hostname="LAPTOP-AVT5DENA" failures="0" tests="3" name="Default test" time="1.993" errors="0" timestamp="2022-07-16T09:02:16 CDT">
  <testcase classname="testngtesting.Learndataprovider" name="login" time="0.015"/>
  <testcase classname="testngtesting.Learndataprovider" name="login" time="0.005"/>
  <testcase classname="testngtesting.Learndataprovider" name="login" time="0.005"/>
</testsuite> <!-- Default test -->
